INFO: [VRFC 10-2263] Analyzing Verilog file "D:/Docs/Learning HCMUT/Logic design with HDL/Project 1/RISC CPU/RISC CPU.srcs/sources_1/new/TOP.v" into library xil_defaultlib
INFO: [VRFC 10-311] analyzing module TOP_module
INFO: [VRFC 10-2263] Analyzing Verilog file "D:/Docs/Learning HCMUT/Logic design with HDL/Project 1/RISC CPU/RISC CPU.srcs/sources_1/new/ALU.v" into library xil_defaultlib
INFO: [VRFC 10-311] analyzing module ALU
INFO: [VRFC 10-2263] Analyzing Verilog file "D:/Docs/Learning HCMUT/Logic design with HDL/Project 1/RISC CPU/RISC CPU.srcs/sources_1/new/Address_Mux.v" into library xil_defaultlib
INFO: [VRFC 10-311] analyzing module Address_Mux
INFO: [VRFC 10-2263] Analyzing Verilog file "D:/Docs/Learning HCMUT/Logic design with HDL/Project 1/RISC CPU/RISC CPU.srcs/sources_1/new/Controller.v" into library xil_defaultlib
INFO: [VRFC 10-311] analyzing module Controller
INFO: [VRFC 10-2263] Analyzing Verilog file "D:/Docs/Learning HCMUT/Logic design with HDL/Project 1/RISC CPU/RISC CPU.srcs/sources_1/new/IR.v" into library xil_defaultlib
INFO: [VRFC 10-311] analyzing module Instruction_Register
INFO: [VRFC 10-2263] Analyzing Verilog file "D:/Docs/Learning HCMUT/Logic design with HDL/Project 1/RISC CPU/RISC CPU.srcs/sources_1/new/PC.v" into library xil_defaultlib
INFO: [VRFC 10-311] analyzing module Program_Counter
INFO: [VRFC 10-2263] Analyzing Verilog file "D:/Docs/Learning HCMUT/Logic design with HDL/Project 1/RISC CPU/RISC CPU.srcs/sources_1/new/UX.v" into library xil_defaultlib
INFO: [VRFC 10-311] analyzing module bin_to_7seg
WARNING: [VRFC 10-8497] literal value 'h8 truncated to fit in 3 bits [D:/Docs/Learning HCMUT/Logic design with HDL/Project 1/RISC CPU/RISC CPU.srcs/sources_1/new/UX.v:17]
WARNING: [VRFC 10-8497] literal value 'h9 truncated to fit in 3 bits [D:/Docs/Learning HCMUT/Logic design with HDL/Project 1/RISC CPU/RISC CPU.srcs/sources_1/new/UX.v:18]
INFO: [VRFC 10-2263] Analyzing Verilog file "D:/Docs/Learning HCMUT/Logic design with HDL/Project 1/RISC CPU/RISC CPU.srcs/sources_1/new/memory.v" into library xil_defaultlib
INFO: [VRFC 10-311] analyzing module Memory
INFO: [VRFC 10-2263] Analyzing Verilog file "D:/Docs/Learning HCMUT/Logic design with HDL/Project 1/RISC CPU/RISC CPU.srcs/sim_1/new/PC_tb.v" into library xil_defaultlib
INFO: [VRFC 10-311] analyzing module tb_PC
INFO: [VRFC 10-2263] Analyzing Verilog file "D:/Docs/Learning HCMUT/Logic design with HDL/Project 1/RISC CPU/RISC CPU.srcs/sim_1/new/ALU_TB.v" into library xil_defaultlib
INFO: [VRFC 10-311] analyzing module tb_ALU
INFO: [VRFC 10-2263] Analyzing Verilog file "D:/Docs/Learning HCMUT/Logic design with HDL/Project 1/RISC CPU/RISC CPU.srcs/sim_1/new/Addr_MUX_TB.v" into library xil_defaultlib
INFO: [VRFC 10-311] analyzing module tb_Addr_Mux
INFO: [VRFC 10-2263] Analyzing Verilog file "D:/Docs/Learning HCMUT/Logic design with HDL/Project 1/RISC CPU/RISC CPU.srcs/sim_1/new/Register_TB.v" into library xil_defaultlib
INFO: [VRFC 10-311] analyzing module tb_instruction_register
INFO: [VRFC 10-2263] Analyzing Verilog file "D:/Docs/Learning HCMUT/Logic design with HDL/Project 1/RISC CPU/RISC CPU.srcs/sim_1/new/MEM_TB.v" into library xil_defaultlib
INFO: [VRFC 10-311] analyzing module tb_memory
INFO: [VRFC 10-2263] Analyzing Verilog file "D:/Docs/Learning HCMUT/Logic design with HDL/Project 1/RISC CPU/RISC CPU.srcs/sim_1/new/Ctrl_TB.v" into library xil_defaultlib
INFO: [VRFC 10-311] analyzing module tb_Controller
INFO: [VRFC 10-2263] Analyzing Verilog file "D:/Docs/Learning HCMUT/Logic design with HDL/Project 1/RISC CPU/RISC CPU.srcs/sim_1/new/TOP_TB.v" into library xil_defaultlib
INFO: [VRFC 10-311] analyzing module tb_cpu_top
